Base path: /Applications/Unity/Unity.app/Contents
Cmd: initializeCompiler
Cmd: compileComputeKernel
  api=14 insize=10881 outsize=10709 ok=1
Cmd: translateComputeKernel
  api=14 insize=11453 outsize=22669 ok=1
Cmd: translateComputeKernel
  api=14 insize=3265 outsize=5361 ok=1
Cmd: translateComputeKernel
  api=14 insize=6657 outsize=1561 ok=1
Cmd: compileComputeKernel
  api=14 insize=18299 outsize=9405 ok=1
Cmd: compileComputeKernel
  api=14 insize=18299 outsize=11489 ok=1
Cmd: translateComputeKernel
  api=14 insize=11321 outsize=24609 ok=1
Cmd: initializeCompiler
Cmd: initializeCompiler
Cmd: initializeCompiler
Cmd: initializeCompiler
Cmd: initializeCompiler
Cmd: initializeCompiler
Cmd: initializeCompiler
Cmd: initializeCompiler
